<?xml version="1.0" encoding="UTF-8"?>
<testng-results ignored="0" total="1" passed="1" failed="0" skipped="0">
  <reporter-output>
  </reporter-output>
  <suite started-at="2019-12-03T07:20:09Z" name="Default suite" finished-at="2019-12-03T07:20:18Z" duration-ms="9046">
    <groups>
    </groups>
    <test started-at="2019-12-03T07:20:09Z" name="Default test" finished-at="2019-12-03T07:20:18Z" duration-ms="9046">
      <class name="com.project.testCases.DetachProjectMemberTest">
        <test-method is-config="true" signature="setup()[pri:0, instance:com.project.testCases.DetachProjectMemberTest@3a079870]" started-at="2019-12-03T12:50:09Z" name="setup" finished-at="2019-12-03T12:50:13Z" duration-ms="3884" status="PASS">
          <reporter-output>
          </reporter-output>
        </test-method> <!-- setup -->
        <test-method signature="detachProjectMember()[pri:0, instance:com.project.testCases.DetachProjectMemberTest@3a079870]" started-at="2019-12-03T12:50:13Z" name="detachProjectMember" finished-at="2019-12-03T12:50:18Z" duration-ms="5058" status="PASS">
          <reporter-output>
          </reporter-output>
        </test-method> <!-- detachProjectMember -->
        <test-method is-config="true" signature="printLog()[pri:0, instance:com.project.testCases.DetachProjectMemberTest@3a079870]" started-at="2019-12-03T12:50:18Z" name="printLog" finished-at="2019-12-03T12:50:18Z" duration-ms="68" status="PASS">
          <reporter-output>
          </reporter-output>
        </test-method> <!-- printLog -->
      </class> <!-- com.project.testCases.DetachProjectMemberTest -->
    </test> <!-- Default test -->
  </suite> <!-- Default suite -->
</testng-results>
