<?xml version="1.0" encoding="UTF-8"?>
<!-- Generated by org.testng.reporters.JUnitXMLReporter -->
<testsuite ignored="0" hostname="G10CHLT018" failures="0" tests="2" name="Default test" time="9.366" errors="0" timestamp="27 Aug 2019 12:14:27 GMT">
  <testcase classname="com.autentication.testCases.SignInAPITest" name="testValidEmailPassword" time="5.511"/>
  <testcase classname="com.autentication.testCases.SignInAPITest" name="testValidEmailPassword" time="1.689"/>
</testsuite> <!-- Default test -->
