<?xml version="1.0" encoding="UTF-8"?>
<!-- Generated by org.testng.reporters.JUnitXMLReporter -->
<testsuite ignored="0" hostname="G10CHLT018" failures="0" tests="7" name="AuthenticationAPITest" time="21.086" errors="0" timestamp="11 Sep 2019 11:59:22 GMT">
  <testcase classname="com.autentication.testCases.SignInAPITest" name="testValidEmailPassword" time="5.201"/>
  <testcase classname="com.autentication.testCases.SignInAPITest" name="testValidEmailPassword" time="1.609"/>
  <testcase classname="com.autentication.testCases.SignInAPITest" name="writeTokenForAuthenticatedUser" time="2.261"/>
  <testcase classname="com.autentication.testCases.RegisterAPITest" name="testExistingUserRegistration" time="1.445"/>
  <testcase classname="com.autentication.testCases.RegisterAPITest" name="testExistingUserRegistration" time="1.408"/>
  <testcase classname="com.autentication.testCases.RegisterAPITest" name="testUserRegistration" time="2.339"/>
  <testcase classname="com.autentication.testCases.ForgotPassAPITest" name="testForgotPass" time="2.505"/>
</testsuite> <!-- AuthenticationAPITest -->
