<?xml version="1.0" encoding="UTF-8"?>
<!-- Generated by org.testng.reporters.JUnitXMLReporter -->
<testsuite ignored="0" hostname="G10CHLT018" failures="0" tests="6" name="AuthenticationAPITest" time="18.669" errors="0" timestamp="22 Nov 2019 07:13:49 GMT">
  <testcase classname="com.autentication.testCases.SignInAPITest" name="writeTokenForAdminUser" time="5.339"/>
  <testcase classname="com.autentication.testCases.SignInAPITest" name="writeTokenForAuthenticatedUser" time="2.073"/>
  <testcase classname="com.autentication.testCases.RegisterAPITest" name="testExistingUserRegistration" time="1.658"/>
  <testcase classname="com.autentication.testCases.RegisterAPITest" name="testExistingUserRegistration" time="1.547"/>
  <testcase classname="com.autentication.testCases.RegisterAPITest" name="testUserRegistration" time="2.609"/>
  <testcase classname="com.autentication.testCases.ForgotPassAPITest" name="testForgotPass" time="2.266"/>
</testsuite> <!-- AuthenticationAPITest -->
