<?xml version="1.0" encoding="UTF-8"?>
<!-- Generated by org.testng.reporters.JUnitXMLReporter -->
<testsuite ignored="0" hostname="G10CHLT018" failures="0" tests="4" name="EstimatesAPITest" time="8.497" errors="0" timestamp="22 Nov 2019 07:14:19 GMT">
  <testcase classname="com.project.estimates.CreateEstimateTest" name="createEstimate" time="1.918"/>
  <testcase classname="com.project.estimates.GetEstimateById" name="getEstimateById" time="1.835"/>
  <testcase classname="com.project.estimates.UpdateEstimateTest" name="updateEstimatebyEstimateId" time="1.756"/>
  <testcase classname="com.project.estimates.GetEstimatePDFExport" name="getEstimatePDF" time="2.748"/>
</testsuite> <!-- EstimatesAPITest -->
