<?xml version="1.0" encoding="UTF-8"?>
<!-- Generated by org.testng.reporters.JUnitXMLReporter -->
<testsuite ignored="0" hostname="G10CHLT018" failures="0" tests="4" name="EstimatesAPITest" time="7.579" errors="0" timestamp="11 Sep 2019 11:59:56 GMT">
  <testcase classname="com.project.estimates.CreateEstimateTest" name="createEstimate" time="1.854"/>
  <testcase classname="com.project.estimates.GetEstimateById" name="getEstimateById" time="1.61"/>
  <testcase classname="com.project.estimates.UpdateEstimateTest" name="updateEstimatebyEstimateId" time="1.644"/>
  <testcase classname="com.project.estimates.GetEstimatePDFExport" name="getEstimatePDF" time="2.305"/>
</testsuite> <!-- EstimatesAPITest -->
