<?xml version="1.0" encoding="UTF-8"?>
<!-- Generated by org.testng.reporters.JUnitXMLReporter -->
<testsuite ignored="0" hostname="G10CHLT018" failures="0" tests="44" name="PortfolioAPITest" time="111.971" errors="0" timestamp="22 Nov 2019 07:19:01 GMT">
  <testcase classname="com.portfolio.testCases.StorePortfolioTests" name="storePortfolio" time="2.401"/>
  <testcase classname="com.portfolio.testCases.ListUserPortfolioTests" name="listUserPortfolios" time="1.959"/>
  <testcase classname="com.portfolio.testCases.RegisterPortfolioTests" name="registerPortfolio" time="2.299"/>
  <testcase classname="com.portfolio.testCases.GetPortfolioInvoiceTests" name="getPortfolioInvoices" time="1.604"/>
  <testcase classname="com.portfolio.testCases.GetPortfolioByIdTests" name="getPortfolioById" time="1.708"/>
  <testcase classname="com.portfolio.testCases.GetSurveyByPortfolioIdTests" name="getSurveyByPortfolio" time="6.43"/>
  <testcase classname="com.portfolio.testCases.UpdateSurveyStatusTests" name="updateSurveyStatusToCompleted" time="1.653"/>
  <testcase classname="com.portfolio.testCases.UpdateSurveyStatusTests" name="updateSurveyStatusToStarted" time="1.634"/>
  <testcase classname="com.portfolio.testCases.FilterScorecardByConcept" name="filterScorecardByConcept" time="2.437"/>
  <testcase classname="com.portfolio.testCases.GetRecommendationToScorecardTests" name="getRecommendationToScorecard" time="3.642"/>
  <testcase classname="com.portfolio.testCases.GetScorecardConceptPhaseSummaryTests" name="filterScorecardByConcept" time="1.949"/>
  <testcase classname="com.portfolio.testCases.GetVersionPhaseSummaryTests" name="getVersionPhaseSummaryByScorecardId" time="4.485"/>
  <testcase classname="com.portfolio.testCases.AnalyzePortfolioScoreByScorecardIdTests" name="analyzePortfolioScoreByScorecardId" time="1.57"/>
  <testcase classname="com.portfolio.testCases.DownloadPortfolioScorecardTests" name="downloadPortfolioScorecard" time="1.496"/>
  <testcase classname="com.portfolio.testCases.GetPorfolioMembersTests" name="getPortfolioMembers" time="1.915"/>
  <testcase classname="com.portfolio.testCases.AddNoteToPortfolioTests" name="addNoteToPortfolio" time="1.869"/>
  <testcase classname="com.portfolio.testCases.GetPortfolioNoteByNoteIdTests" name="getPortfolioNoteByNoteId" time="1.569"/>
  <testcase classname="com.portfolio.testCases.UpdateNoteToPortfolioTests" name="updateNoteToPortfolio" time="1.625"/>
  <testcase classname="com.portfolio.testCases.GetAllNotesByPortfolioIdTests" name="getAllNotesByPortfolioId" time="1.588"/>
  <testcase classname="com.portfolio.testCases.AddDocumentToPortfolioTests" name="addDocumentToPortfolio" time="1.676"/>
  <testcase classname="com.portfolio.testCases.GetPortfolioDocumentByIdTests" name="getPortfolioDocumentById" time="1.6"/>
  <testcase classname="com.portfolio.testCases.UpdatePortfolioDocumentTests" name="updatePortfolioDocument" time="1.676"/>
  <testcase classname="com.portfolio.testCases.GetAllDcoumentsByPortfolioIdTests" name="getAllDocumentsByPortfolioId" time="1.559"/>
  <testcase classname="com.portfolio.testCases.AddProjectsToPortfolioTests" name="addProjectsToPortfolio" time="3.354"/>
  <testcase classname="com.portfolio.testCases.AddMultiplePropertiesToPortfolioTests" name="addMultipleSQFTPropertiesToPortfolio" time="16.233"/>
  <testcase classname="com.portfolio.testCases.AddMultiplePropertiesToPortfolioTests" name="addMultipleSQMPropertiesToPortfolio" time="6.908"/>
  <testcase classname="com.portfolio.testCases.GetProjectsByPortfolioIdTests" name="getProjectsByPortfolioId" time="2.215"/>
  <testcase classname="com.portfolio.testCases.GetProjectLocationsTests" name="getPortfolioProjectLocations" time="1.649"/>
  <testcase classname="com.portfolio.testCases.UpdatePortfoliobyIdTests" name="updatePortfolioById" time="1.612"/>
  <testcase classname="com.portfolio.testCases.GetPortfolioProjectSummaryTests" name="getPortfolioProjectSummary" time="1.624"/>
  <testcase classname="com.portfolio.testCases.GetPortfolioWizardProjectsTests" name="getPortfolioWizardProjects" time="2.246"/>
  <testcase classname="com.portfolio.testCases.GetPortfolioWizardsSummaryTests" name="getPortfolioWizardsSummary" time="1.651"/>
  <testcase classname="com.portfolio.testCases.CreateSubsetByPortfolioIdTests" name="createSubsetByPortfolioId" time="1.762"/>
  <testcase classname="com.portfolio.testCases.GetPortfolioSubsetsTests" name="getPortfolioSubsets" time="1.597"/>
  <testcase classname="com.portfolio.testCases.GetPortfolioSubsetByIdTests" name="getPortfolioSubsetById" time="1.563"/>
  <testcase classname="com.portfolio.testCases.UpdatePortfolioSubsetByIdTests" name="updatePortfolioSubsetById" time="1.68"/>
  <testcase classname="com.portfolio.testCases.GetSubsetProjectsByIdTests" name="getSubsetProjectsById" time="1.558"/>
  <testcase classname="com.portfolio.testCases.PortfolioBulkUpdateTests" name="portfolioBulkUpdateConstructionStatus" time="2.09"/>
  <testcase classname="com.portfolio.testCases.PortfolioBulkUpdateTests" name="portfolioBulkUpdateFund" time="2.021"/>
  <testcase classname="com.portfolio.testCases.PortfolioBulkUpdateTests" name="portfolioBulkUpdateIndustry" time="2.442"/>
  <testcase classname="com.portfolio.testCases.PortfolioBulkUpdateTests" name="portfolioBulkUpdateOwnerName" time="2.157"/>
  <testcase classname="com.portfolio.testCases.PortfolioBulkUpdateTests" name="portfolioBulkUpdateprojectpublic" time="2.021"/>
  <testcase classname="com.portfolio.testCases.DeletePortfolioDocByDocIdTests" name="deletePortfolioDocByDocId" time="1.606"/>
  <testcase classname="com.portfolio.testCases.DeletePortfolioNoteByIdTests" name="deletePortfolioNoteById" time="1.612"/>
</testsuite> <!-- PortfolioAPITest -->
