<?xml version="1.0" encoding="UTF-8"?>
<!-- Generated by org.testng.reporters.JUnitXMLReporter -->
<testsuite ignored="0" hostname="G10CHLT018" failures="0" tests="60" name="ProjectsAPITest" time="158.68" errors="0" timestamp="22 Nov 2019 07:17:09 GMT">
  <testcase classname="com.project.testCases.StoreNewProjectTest" name="storeProject" time="2.848"/>
  <testcase classname="com.project.scorecard.GetAllNotesByScorecardIdTest" name="getNotesByScorecardId" time="1.587"/>
  <testcase classname="com.project.testCases.GetUserProjectsTest" name="getUserProjects" time="1.78"/>
  <testcase classname="com.project.testCases.CreateProjectDocumentTest" name="addProjectDocument" time="2.281"/>
  <testcase classname="com.project.scorecard.CreateScorecardTests" name="createScoreCardTest" time="1.825"/>
  <testcase classname="com.project.testCases.GetProjectDocumentsAllTest" name="getProjectsAllDocuments" time="1.933"/>
  <testcase classname="com.project.scorecard.FilterScorecardTests" name="filterScorecard" time="5.946"/>
  <testcase classname="com.project.testCases.GetDocumentByDocumentId" name="getDocumentByDocumentId" time="2.134"/>
  <testcase classname="com.project.scorecard.AttachPartsToScorecardTests" name="attachOptiPartsToScorecardInAssessPhase" time="2.249"/>
  <testcase classname="com.project.testCases.CreateProjectNoteTest" name="createProjectNoteAsAdmin" time="1.934"/>
  <testcase classname="com.project.testCases.CreateProjectNoteTest" name="createProjectNoteAsAuthenticatedUser" time="1.671"/>
  <testcase classname="com.project.scorecard.GetScorecardByPhase" name="getScorecardByPhase" time="2.518"/>
  <testcase classname="com.project.testCases.GetAllNotesByProjectId" name="getAllNotesByProjectId" time="1.655"/>
  <testcase classname="com.project.testCases.RegisterProjectTest" name="registerProject" time="2.809"/>
  <testcase classname="com.project.testCases.UpdateProjectNoteTest" name="updateProjectNoteAsAdmin" time="1.75"/>
  <testcase classname="com.project.testCases.UpdateProjectByProjectId" name="updateProject" time="2.228"/>
  <testcase classname="com.project.testCases.GetProjectNoteByNoteId" name="getProjectNoteByNoteId" time="1.614"/>
  <testcase classname="com.project.testCases.GetProjectInvoiceStatusTest" name="getProjectInvoice" time="1.982"/>
  <testcase classname="com.project.testCases.GetProjectByProjectIdTest" name="getprojectById" time="2.556"/>
  <testcase classname="com.project.scorecard.AddNoteToScorecardTest" name="addNoteToScorecard" time="2.372"/>
  <testcase classname="com.project.testCases.CreateProjectAAPTest" name="createProjectAAP" time="2.724"/>
  <testcase classname="com.project.testCases.CreateProjectAAPTest" name="createProjectEP" time="2.76"/>
  <testcase classname="com.project.scorecard.GetNoteByPartIdTest" name="getScorecardNoteByPartId" time="1.988"/>
  <testcase classname="com.project.testCases.GetAAPTests" name="getAAPAll" time="2.284"/>
  <testcase classname="com.project.testCases.GetAAPTests" name="getAAPAllAsAdmin" time="2.578"/>
  <testcase classname="com.project.testCases.GetAAPTests" name="getAAPbyAAPId" time="2.043"/>
  <testcase classname="com.project.testCases.GetAAPTests" name="getAAPbyAAPIdAsAdmin" time="1.642"/>
  <testcase classname="com.project.scorecard.UpdatePhaseForScorecardTests" name="updatePhaseForScorecard" time="1.991"/>
  <testcase classname="com.project.testCases.UpdateAAPAsInfoRequested" name="UpdateAAPAsAdmin" time="2.754"/>
  <testcase classname="com.project.testCases.UpdateAAPAsInfoRequested" name="UpdateAAPAsAuthenticatedUser" time="1.534"/>
  <testcase classname="com.project.scorecard.AddScoreInImplementationScorecardTest" name="AddScoreInImplemenPhaseScorecardTest" time="1.997"/>
  <testcase classname="com.project.testCases.ResubmitAAP" name="UpdateComment" time="2.107"/>
  <testcase classname="com.project.testCases.ResubmitAAP" name="reSubmitAAP" time="3.347"/>
  <testcase classname="com.project.scorecard.GetScorecardByIdTest" name="getScorecardById" time="1.906"/>
  <testcase classname="com.project.testCases.UpdateAAPAsApproved" name="UpdateAAPAsAdmin" time="2.569"/>
  <testcase classname="com.project.scorecard.UploadDocumentForScorecardTest" name="uploadDocumentForScorecard" time="2.719"/>
  <testcase classname="com.project.testCases.UpdateAAPAsApproved" name="testApprovedStatusAAP" time="1.539"/>
  <testcase classname="com.project.scorecard.GetScorecardDocumentByPartidTest" name="getScorecardDocumentByPartid" time="1.974"/>
  <testcase classname="com.project.testCases.GetEPTests" name="getEPbyEPId" time="1.601"/>
  <testcase classname="com.project.testCases.GetEPTests" name="getEPbyEPIdAsAdmin" time="1.607"/>
  <testcase classname="com.project.scorecard.GetScorecardDocumentTest" name="getScorecardUploadedDocument" time="1.91"/>
  <testcase classname="com.project.testCases.UpdateEPAsInfoRequested" name="UpdateEPAsAdmin" time="2.557"/>
  <testcase classname="com.project.testCases.UpdateEPAsInfoRequested" name="UpdateEPAsAuthenticatedUser" time="1.622"/>
  <testcase classname="com.project.scorecard.UpdateScorecardTests" name="updateScorecard" time="1.907"/>
  <testcase classname="com.project.testCases.ResubmitEP" name="UpdateCommentForEP" time="2.052"/>
  <testcase classname="com.project.testCases.ResubmitEP" name="reSubmitAAP" time="4.711"/>
  <testcase classname="com.project.testCases.UpdateEPAsApproved" name="updateEPAsAdmin" time="3.011"/>
  <testcase classname="com.project.testCases.UpdateEPAsApproved" name="testApprovedStatusEP" time="1.654"/>
  <testcase classname="com.project.testCases.SubmitReviewTests" name="submitReview" time="4.295"/>
  <testcase classname="com.project.testCases.AddNoteToReviewTest" name="addNoteToReview" time="2.794"/>
  <testcase classname="com.project.testCases.UpdateNoteForReviewTest" name="updateNoteForReview" time="1.929"/>
  <testcase classname="com.project.testCases.GetAllReviewsByProjectId" name="getAllReviewsByProjectId" time="1.937"/>
  <testcase classname="com.project.testCases.GetReviewByReviewId" name="getReviewByReviewId" time="1.978"/>
  <testcase classname="com.project.testCases.UpdateReviewAsAdminTests" name="updateReviewAsAdmin" time="2.831"/>
  <testcase classname="com.project.testCases.ResubmitReviewTests" name="resubmitReview" time="4.361"/>
  <testcase classname="com.project.testCases.ReturnReviewAsAdminTest" name="returnReviewAsAdmin" time="3.264"/>
  <testcase classname="com.project.testCases.DeleteDocumentByDocumentId" name="deleteDocumentBydocumentId" time="1.916"/>
  <testcase classname="com.project.testCases.DeleteNoteForReviewTest" name="deleteNoteForReview" time="15.109"/>
  <testcase classname="com.project.scorecard.DeleteNoteByNoteidTest" name="DeleteScorecardNoteById" time="1.874"/>
  <testcase classname="com.project.scorecard.DeleteDocumentByScorecardidTest" name="deleteDocumentByScorecardId" time="2.32"/>
</testsuite> <!-- ProjectsAPITest -->
