<?xml version="1.0" encoding="UTF-8"?>
<!-- Generated by org.testng.reporters.JUnitXMLReporter -->
<testsuite ignored="0" hostname="G10CHLT018" failures="0" tests="7" name="ProjectsAPITest" time="18.477" errors="0" timestamp="11 Sep 2019 11:59:49 GMT">
  <testcase classname="com.project.testCases.StoreNewProjectTest" name="storeProject" time="4.793"/>
  <testcase classname="com.project.testCases.GetUserProjectsTest" name="getUserProjects" time="1.593"/>
  <testcase classname="com.project.testCases.GetProjectByProjectIdTest" name="getprojectById" time="1.906"/>
  <testcase classname="com.project.testCases.RegisterProjectTest" name="registerProject" time="3.351"/>
  <testcase classname="com.project.testCases.UpdateProjectByProjectId" name="updateProject" time="2.531"/>
  <testcase classname="com.project.testCases.GetProjectMembersTest" name="getProjectMembers" time="1.914"/>
  <testcase classname="com.project.testCases.GetProjectInvoiceStatusTest" name="getProjectInvoice" time="1.636"/>
</testsuite> <!-- ProjectsAPITest -->
