<?xml version="1.0" encoding="UTF-8"?>
<!-- Generated by org.testng.reporters.JUnitXMLReporter -->
<testsuite ignored="0" hostname="G10CHLT018" failures="0" tests="5" name="TeamAPITest" time="10.726" errors="0" timestamp="22 Nov 2019 07:14:30 GMT">
  <testcase classname="com.project.testCases.InviteProjectMemberTest" name="inviteMemberAsProjectManager" time="2.313"/>
  <testcase classname="com.project.testCases.InviteProjectMemberTest" name="assertInvitedMember" time="1.782"/>
  <testcase classname="com.project.testCases.AssertInvitedProjectMemberPrivileges" name="createNoteAsProjectMember" time="2.411"/>
  <testcase classname="com.project.testCases.AssertInvitedProjectMemberPrivileges" name="writeTokenForInvitedMember" time="2.021"/>
  <testcase classname="com.project.testCases.GetProjectMembersTest" name="getProjectMembers" time="1.961"/>
</testsuite> <!-- TeamAPITest -->
