<?xml version="1.0" encoding="UTF-8"?>
<!-- Generated by org.testng.reporters.JUnitXMLReporter -->
<testsuite ignored="0" hostname="G10CHLT018" failures="0" tests="3" name="TeamAPITest" time="6.965" errors="0" timestamp="11 Sep 2019 12:00:03 GMT">
  <testcase classname="com.project.testCases.InviteProjectMemberTest" name="inviteMember" time="2.551"/>
  <testcase classname="com.project.testCases.InviteProjectMemberTest" name="assertInvitedMember" time="2.634"/>
  <testcase classname="com.project.testCases.DetachProjectMemberTest" name="detachProjectMember" time="1.722"/>
</testsuite> <!-- TeamAPITest -->
