<?xml version="1.0" encoding="UTF-8"?>
<!-- Generated by org.testng.reporters.JUnitXMLReporter -->
<testsuite ignored="0" hostname="G10CHLT018" failures="0" tests="2" name="teardown" time="1.636" errors="0" timestamp="04 Sep 2019 10:42:59 GMT">
  <testcase classname="com.common.base.TestBase" name="getTokenforLoggedUser" time="0.057">
    <skipped/>
  </testcase> <!-- getTokenforLoggedUser -->
  <testcase classname="com.users.testCases.LogoutTestClass" name="logoutTest" time="1.449"/>
</testsuite> <!-- teardown -->
