<?xml version="1.0" encoding="UTF-8"?>
<!-- Generated by org.testng.reporters.JUnitXMLReporter -->
<testsuite ignored="0" hostname="G10CHLT018" failures="0" tests="5" name="UsersAPITest" time="8.385" errors="0" timestamp="11 Sep 2019 11:59:30 GMT">
  <testcase classname="com.users.testCases.GetLoggedMemberInfoTest" name="testUserMemberInfo" time="1.864"/>
  <testcase classname="com.users.testCases.GetUserIdInfo" name="getUserInfo" time="1.496"/>
  <testcase classname="com.users.testCases.UpdatePasswordForUserTest" name="updatePassword" time="1.541"/>
  <testcase classname="com.users.testCases.UpdateUserIdTest" name="updateUserIdInfo" time="1.623"/>
  <testcase classname="com.users.testCases.UpdateUserIdTest" name="updateUserIdOptionalInfo" time="1.6"/>
</testsuite> <!-- UsersAPITest -->
