<?xml version="1.0" encoding="UTF-8"?>
<!-- Generated by org.testng.reporters.JUnitXMLReporter -->
<testsuite ignored="0" hostname="G10CHLT018" failures="0" tests="5" name="UsersAPITest" time="9.755" errors="0" timestamp="22 Nov 2019 07:13:59 GMT">
  <testcase classname="com.users.testCases.GetLoggedMemberInfoTest" name="testUserMemberInfo" time="1.953"/>
  <testcase classname="com.users.testCases.GetUserIdInfo" name="getUserInfo" time="1.833"/>
  <testcase classname="com.users.testCases.UpdatePasswordForUserTest" name="updatePassword" time="1.734"/>
  <testcase classname="com.users.testCases.UpdateUserIdTest" name="updateUserIdInfo" time="1.907"/>
  <testcase classname="com.users.testCases.UpdateUserIdTest" name="updateUserIdOptionalInfo" time="1.819"/>
</testsuite> <!-- UsersAPITest -->
