<?xml version="1.0" encoding="UTF-8"?>
<!-- Generated by org.testng.reporters.JUnitXMLReporter -->
<testsuite ignored="1" hostname="G10CHLT018" failures="1" tests="2" name="UsersAPITest1" time="0.108" errors="0" timestamp="04 Sep 2019 09:32:51 GMT">
  <testcase classname="com.users.testCases.LogoutTestClass" name="@AfterClass printLog" time="0.0">
    <failure type="java.lang.NullPointerException">
      <![CDATA[java.lang.NullPointerException
	at com.users.testCases.LogoutTestClass.printLog(LogoutTestClass.java:42)
... Removed 25 stack frames]]>
    </failure>
  </testcase> <!-- @AfterClass printLog -->
  <testcase classname="com.common.base.TestBase" name="getTokenforLoggedUser" time="0.069">
    <skipped/>
  </testcase> <!-- getTokenforLoggedUser -->
  <testcase classname="com.users.testCases.LogoutTestClass" name="logoutTest" time="0.009">
    <failure type="java.lang.IllegalArgumentException" message="Header value cannot be null">
      <![CDATA[java.lang.IllegalArgumentException: Header value cannot be null
	at org.codehaus.groovy.runtime.callsite.ConstructorSite$ConstructorSiteNoUnwrap.callConstructor(ConstructorSite.java:84)
	at org.codehaus.groovy.runtime.callsite.AbstractCallSite.callConstructor(AbstractCallSite.java:249)
	at io.restassured.internal.common.assertion.AssertParameter.notNull(AssertParameter.groovy:26)
	at io.restassured.internal.common.assertion.AssertParameter$notNull.callStatic(Unknown Source)
	at io.restassured.internal.RequestSpecificationImpl.header(RequestSpecificationImpl.groovy:842)
	at com.users.testCases.LogoutTestClass.logoutTest(LogoutTestClass.java:30)
... Removed 32 stack frames]]>
    </failure>
  </testcase> <!-- logoutTest -->
  <testcase classname="com.common.base.TestBase" name="getLoggedMemberInfo" time="0.0">
    <ignored/>
  </testcase> <!-- getLoggedMemberInfo -->
</testsuite> <!-- UsersAPITest1 -->
