<?xml version="1.0" encoding="UTF-8"?>
<!-- Generated by org.testng.reporters.JUnitXMLReporter -->
<testsuite ignored="0" hostname="G10CHLT018" failures="0" tests="8" name="UsersAPITest2" time="11.914" errors="0" timestamp="04 Sep 2019 09:58:58 GMT">
  <testcase classname="com.common.base.TestBase" name="getTokenforLoggedUser" time="1.292">
    <skipped/>
  </testcase> <!-- getTokenforLoggedUser -->
  <testcase classname="com.common.base.TestBase" name="getTokenforLoggedUser" time="0.149">
    <skipped/>
  </testcase> <!-- getTokenforLoggedUser -->
  <testcase classname="com.users.testCases.GetUserIdInfo" name="testUserMemberInfo" time="5.055"/>
  <testcase classname="com.common.base.TestBase" name="getLoggedMemberInfo" time="0.003">
    <skipped/>
  </testcase> <!-- getLoggedMemberInfo -->
  <testcase classname="com.common.base.TestBase" name="getLoggedMemberInfo" time="1.305"/>
  <testcase classname="com.users.testCases.UpdatePasswordForUserTest" name="getUserId" time="0.002">
    <skipped/>
  </testcase> <!-- getUserId -->
  <testcase classname="com.users.testCases.GetUserIdInfo" name="getUserInfo" time="1.37"/>
  <testcase classname="com.users.testCases.UpdatePasswordForUserTest" name="updatePassword" time="1.724"/>
</testsuite> <!-- UsersAPITest2 -->
