<?xml version="1.0" encoding="UTF-8"?>
<!-- Generated by org.testng.reporters.JUnitXMLReporter -->
<testsuite ignored="0" hostname="G10CHLT018" failures="0" tests="5" name="V1ProjectsAPITest" time="11.98" errors="0" timestamp="22 Nov 2019 07:14:11 GMT">
  <testcase classname="com.wellv1.project.CreateV1ProjectTest" name="createV1Project" time="3.197"/>
  <testcase classname="com.wellv1.project.UpdateV1ProjectTest" name="updateV1Project" time="2.834"/>
  <testcase classname="com.wellv1.project.GetV1ProjectById" name="getV1ProjectById" time="2.026"/>
  <testcase classname="com.wellv1.project.CreateV1EstimateTest" name="createV1Estimate" time="1.843"/>
  <testcase classname="com.wellv1.project.GetV1EstimateById" name="getV1EstimateById" time="1.602"/>
</testsuite> <!-- V1ProjectsAPITest -->
